[19:39:37] [ServerMain/INFO]: Environment: authHost='https://authserver.mojang.com', accountsHost='https://api.mojang.com', sessionHost='https://sessionserver.mojang.com', servicesHost='https://api.minecraftservices.com', name='PROD'
[19:39:39] [ServerMain/INFO]: Loaded 7 recipes
[19:39:39] [ServerMain/INFO]: Loaded 1271 advancements
[19:39:39] [Server thread/INFO]: Starting minecraft server version 1.20.1
[19:39:39] [Server thread/INFO]: Loading properties
[19:39:39] [Server thread/INFO]: Default game type: SURVIVAL
[19:39:39] [Server thread/INFO]: Generating keypair
[19:39:39] [Server thread/INFO]: Starting Minecraft server on *:25565
[19:39:39] [Server thread/INFO]: Using default channel type
[19:39:39] [Server thread/WARN]: **** SERVER IS RUNNING IN OFFLINE/INSECURE MODE!
[19:39:39] [Server thread/WARN]: The server will make no attempt to authenticate usernames. Beware.
[19:39:39] [Server thread/WARN]: While this makes the game possible to play without internet access, it also opens up the ability for hackers to connect with any username they choose.
[19:39:39] [Server thread/WARN]: To change this, set "online-mode" to "true" in the server.properties file.
[19:39:39] [Server thread/INFO]: Preparing level "world"
[19:39:40] [Server thread/INFO]: Preparing start region for dimension minecraft:overworld
[19:39:42] [Worker-Main-2/INFO]: Preparing spawn area: 0%
[19:39:42] [Worker-Main-12/INFO]: Preparing spawn area: 0%
[19:39:42] [Worker-Main-2/INFO]: Preparing spawn area: 0%
[19:39:42] [Worker-Main-1/INFO]: Preparing spawn area: 0%
[19:39:42] [Worker-Main-12/INFO]: Preparing spawn area: 0%
[19:39:43] [Worker-Main-5/INFO]: Preparing spawn area: 0%
[19:39:43] [Server thread/INFO]: Time elapsed: 2992 ms
[19:39:43] [Server thread/INFO]: Done (3.833s)! For help, type "help"
[19:45:09] [Server thread/INFO]: Pendr_a_gon[/127.192.220.26:56137] logged in with entity id 44 at (8.668678855166656, 61.672748187392955, -17.525822260659986)
[19:45:09] [Server thread/INFO]: Pendr_a_gon joined the game
[19:47:05] [Server thread/INFO]: Kompaktive[/127.0.0.1:56267] logged in with entity id 438 at (3.4613545171804176, 92.0, 1.6422937884106596)
[19:47:05] [Server thread/INFO]: Kompaktive joined the game
[19:47:24] [Server thread/INFO]: [Not Secure] <Pendr_a_gon> sup
[19:47:27] [Server thread/INFO]: [Not Secure] <Kompaktive> sup
[19:47:36] [Server thread/INFO]: [Not Secure] <Pendr_a_gon> bridge dimana
[19:47:43] [Server thread/INFO]: [Not Secure] <Kompaktive> dsini
[19:47:46] [Server thread/INFO]: Deimonchan[/127.211.96.156:56277] logged in with entity id 531 at (1.5300355110411208, 53.0, -39.22464143133829)
[19:47:46] [Server thread/INFO]: Deimonchan joined the game
[19:47:54] [Server thread/INFO]: [Not Secure] <Kompaktive> trus turun muterin ke basenya deimon
[19:48:11] [Server thread/INFO]: [Not Secure] <Deimonchan> test
[19:48:23] [Server thread/INFO]: Pendr_a_gon lost connection: Disconnected
[19:48:23] [Server thread/INFO]: Pendr_a_gon left the game
[19:48:29] [Server thread/INFO]: Pendr_a_gon[/127.192.220.26:56355] logged in with entity id 601 at (1.7599943181630155, 53.0, -40.18990021254124)
[19:48:29] [Server thread/INFO]: Pendr_a_gon joined the game
[19:49:58] [Server thread/INFO]: MEMEnto[/127.35.65.204:56371] logged in with entity id 778 at (-60.65101464307191, 160.0, -16.918093684723097)
[19:49:58] [Server thread/INFO]: MEMEnto joined the game
[19:51:42] [Server thread/INFO]: [Not Secure] <Kompaktive> deimon
[19:51:47] [Server thread/INFO]: [Not Secure] <Deimonchan> hmm
[19:51:50] [Server thread/INFO]: [Not Secure] <Kompaktive> discord
[19:51:57] [Server thread/INFO]: [Not Secure] <Kompaktive> vc
[19:52:01] [Server thread/INFO]: [Not Secure] <Kompaktive> discuss the bridge
[19:52:09] [Server thread/INFO]: [Not Secure] <Kompaktive> from p to ahole
[19:52:20] [Server thread/INFO]: [Not Secure] <Deimonchan> okeh
[20:09:12] [Server thread/INFO]: [Not Secure] <MEMEnto> tf am i doing rn
[20:09:21] [Server thread/INFO]: [Not Secure] <Pendr_a_gon> lets just mine first
[20:09:31] [Server thread/INFO]: [Not Secure] <MEMEnto> ming wh
[20:09:34] [Server thread/INFO]: [Not Secure] <MEMEnto> mining
[20:09:42] [Server thread/INFO]: [Not Secure] <Pendr_a_gon> yis
[20:09:59] [Server thread/INFO]: [Not Secure] <Pendr_a_gon> get some stone for material while mining
[20:10:05] [Server thread/INFO]: [Not Secure] <Pendr_a_gon> two birds one stone
[20:10:10] [Server thread/INFO]: [Not Secure] <Pendr_a_gon> two girls -
[20:10:16] [Server thread/INFO]: [Not Secure] <MEMEnto> one cup
[20:10:33] [Server thread/INFO]: [Not Secure] <MEMEnto> vc g anying males ngetik gw
[20:10:38] [Server thread/INFO]: [Not Secure] <Pendr_a_gon> wait
[20:14:13] [Server thread/INFO]: Pendr_a_gon was slain by Zombie
[20:19:50] [Server thread/INFO]: MEMEnto lost connection: Disconnected
[20:19:50] [Server thread/INFO]: MEMEnto left the game
[20:20:12] [Server thread/INFO]: RoVlum[/127.109.40.128:56733] logged in with entity id 5476 at (25.927491760824534, 63.0, -30.825222820938663)
[20:20:12] [Server thread/INFO]: RoVlum joined the game
[20:20:56] [Server thread/INFO]: Kompaktive fell from a high place
[20:24:09] [Server thread/INFO]: RoVlum has made the advancement [Voluntary Exile]
[20:33:21] [Server thread/INFO]: MEMEnto[/127.35.65.204:56826] logged in with entity id 7310 at (-31.53874594794187, 9.0, 8.642195960538269)
[20:33:21] [Server thread/INFO]: MEMEnto joined the game
[20:33:38] [Server thread/INFO]: MEMEnto lost connection: Disconnected
[20:33:38] [Server thread/INFO]: MEMEnto left the game
[20:39:27] [Server thread/INFO]: Pendr_a_gon has made the advancement [A Seedy Place]
[20:41:13] [Server thread/INFO]: MEMEnto[/127.35.65.204:56916] logged in with entity id 8636 at (-33.381998755750786, 9.0, 9.547221180958212)
[20:41:13] [Server thread/INFO]: MEMEnto joined the game
[20:43:27] [Server thread/INFO]: MEMEnto fell off some vines
[20:44:54] [Server thread/WARN]: RoVlum moved too quickly! 0.0,-12.012519654278176,0.0767703205361272
[20:45:51] [Server thread/INFO]: MEMEnto lost connection: Disconnected
[20:45:51] [Server thread/INFO]: MEMEnto left the game
[20:46:12] [Server thread/INFO]: MEMEnto[/127.35.65.204:56968] logged in with entity id 9360 at (-5.288682369215787, 18.0, -27.61085855285118)
[20:46:12] [Server thread/INFO]: MEMEnto joined the game
[20:46:17] [Server thread/INFO]: MEMEnto was slain by Zombie
[20:47:48] [Server thread/WARN]: Mismatch in destroy block pos: gu{x=1, y=54, z=-55} gu{x=1, y=54, z=-56}
[20:48:19] [Server thread/INFO]: Deimonchan was slain by Kompaktive
[20:51:14] [Server thread/INFO]: RoVlum has made the advancement [Glow and Behold!]
[20:54:24] [Server thread/INFO]: MEMEnto lost connection: Disconnected
[20:54:24] [Server thread/INFO]: MEMEnto left the game
[20:55:47] [Server thread/INFO]: MEMEnto[/127.35.65.204:57108] logged in with entity id 11102 at (-30.313655063485747, 13.0, 0.30000001192092896)
[20:55:47] [Server thread/INFO]: MEMEnto joined the game
[21:17:43] [Server thread/INFO]: MEMEnto has made the advancement [Diamonds!]
[21:23:25] [Server thread/INFO]: MEMEnto has made the advancement [Cover Me with Diamonds]
[21:27:40] [Server thread/INFO]: Pendr_a_gon lost connection: Timed out
[21:27:40] [Server thread/INFO]: Pendr_a_gon left the game
[21:29:24] [Server thread/INFO]: Pendr_a_gon[/127.192.220.26:57470] logged in with entity id 17104 at (27.937901609932318, 63.0, -30.62975368684308)
[21:29:24] [Server thread/INFO]: Pendr_a_gon joined the game
[21:40:25] [Server thread/WARN]: MEMEnto moved too quickly! 1.835001293115127,-1.2543221491981171,-9.790332114996747
[21:44:33] [Server thread/INFO]: Deimonchan has made the advancement [Isn't It Iron Pick]
[21:44:46] [Server thread/INFO]: MEMEnto was shot by Skeleton
[21:47:49] [Server thread/WARN]: Boat (vehicle of Deimonchan) moved wrongly! 0.263459975230834
[21:56:02] [Server thread/INFO]: Pendr_a_gon was doomed to fall by Deimonchan
[21:56:52] [Server thread/INFO]: MEMEnto has made the advancement [The Cutest Predator]
[21:59:23] [Server thread/INFO]: MEMEnto has made the advancement [A Seedy Place]
[22:09:11] [Server thread/INFO]: Pendr_a_gon discovered the floor was lava
[22:16:33] [Server thread/INFO]: [Not Secure] <Pendr_a_gon> -6 x -44
[22:23:28] [Server thread/INFO]: Pendr_a_gon discovered the floor was lava
[22:23:58] [Server thread/INFO]: RoVlum lost connection: Disconnected
[22:23:58] [Server thread/INFO]: RoVlum left the game
[22:27:23] [Server thread/INFO]: MEMEnto drowned
[22:31:57] [Server thread/INFO]: Pendr_a_gon discovered the floor was lava
[22:39:13] [Server thread/INFO]: Deimonchan was shot by Skeleton
[22:44:21] [Server thread/INFO]: MEMEnto lost connection: Disconnected
[22:44:21] [Server thread/INFO]: MEMEnto left the game
[22:45:03] [Server thread/INFO]: MEMEnto[/127.35.65.204:58180] logged in with entity id 29689 at (111.07914190007818, 62.9375, 6.334376364349103)
[22:45:03] [Server thread/INFO]: MEMEnto joined the game
[22:45:45] [Server thread/INFO]: Pendr_a_gon has made the advancement [Sneak 100]
[22:45:49] [Server thread/INFO]: MEMEnto lost connection: Timed out
[22:45:49] [Server thread/INFO]: MEMEnto left the game
[22:47:25] [Server thread/INFO]: MEMEnto[/127.35.65.204:58190] logged in with entity id 30044 at (111.07914190007818, 62.9375, 6.334376364349103)
[22:47:25] [Server thread/INFO]: MEMEnto joined the game
[22:48:09] [Server thread/INFO]: MEMEnto lost connection: Timed out
[22:48:09] [Server thread/INFO]: MEMEnto left the game
[22:52:26] [Server thread/INFO]: Pendr_a_gon discovered the floor was lava
[23:01:37] [Server thread/INFO]: Pendr_a_gon lost connection: Disconnected
[23:01:37] [Server thread/INFO]: Pendr_a_gon left the game
[23:01:45] [Server thread/INFO]: Kompaktive lost connection: Disconnected
[23:01:45] [Server thread/INFO]: Kompaktive left the game
[23:01:48] [Server thread/INFO]: Deimonchan lost connection: Disconnected
[23:01:48] [Server thread/INFO]: Deimonchan left the game
[23:02:04] [Server thread/INFO]: Stopping the server
[23:02:04] [Server thread/INFO]: Stopping server
[23:02:04] [Server thread/INFO]: Saving players
[23:02:04] [Server thread/INFO]: Saving worlds
[23:02:04] [Server thread/INFO]: Saving chunks for level 'ServerLevel[world]'/minecraft:overworld
[23:02:05] [Server thread/INFO]: Saving chunks for level 'ServerLevel[world]'/minecraft:the_nether
[23:02:05] [Server thread/INFO]: Saving chunks for level 'ServerLevel[world]'/minecraft:the_end
[23:02:05] [Server thread/INFO]: ThreadedAnvilChunkStorage (world): All chunks are saved
[23:02:05] [Server thread/INFO]: ThreadedAnvilChunkStorage (DIM-1): All chunks are saved
[23:02:05] [Server thread/INFO]: ThreadedAnvilChunkStorage (DIM1): All chunks are saved
[23:02:05] [Server thread/INFO]: ThreadedAnvilChunkStorage: All dimensions are saved
